<?xml version="1.0" encoding="UTF-8"?>
<!-- Generated by org.testng.reporters.JUnitReportReporter -->
<testsuite hostname="pc" name="com.Day6_TestNG_Demo.JetBlueFFNewReservationTest" tests="1" failures="0" timestamp="9 Jan 2015 05:45:19 GMT" time="0.054" errors="0">
  <testcase name="NewReservation" time="0.054" classname="com.Day6_TestNG_Demo.JetBlueFFNewReservationTest"/>
</testsuite> <!-- com.Day6_TestNG_Demo.JetBlueFFNewReservationTest -->
