<?xml version="1.0" encoding="UTF-8"?>
<!-- Generated by org.testng.reporters.JUnitReportReporter -->
<testsuite hostname="pc" name="com.Day6_TestNG_Demo.JetBlueFFCustomerNewAccountTest" tests="1" failures="0" timestamp="9 Jan 2015 05:45:19 GMT" time="0.910" errors="0">
  <testcase name="CustomerNewAccountForWorldWide" time="0.910" classname="com.Day6_TestNG_Demo.JetBlueFFCustomerNewAccountTest"/>
</testsuite> <!-- com.Day6_TestNG_Demo.JetBlueFFCustomerNewAccountTest -->
