<?xml version="1.0" encoding="UTF-8"?>
<!-- Generated by org.testng.reporters.JUnitReportReporter -->
<testsuite hostname="pc" name="com.Day6_TestNG_Demo.JetBlueFFLoginTest" tests="2" failures="0" timestamp="3 Jan 2015 22:16:00 GMT" time="60.620" errors="0">
  <testcase name="JetBlueLogin" time="28.012" classname="com.Day6_TestNG_Demo.JetBlueFFLoginTest"/>
  <testcase name="JetBlueLogin" time="32.608" classname="com.Day6_TestNG_Demo.JetBlueFFLoginTest"/>
</testsuite> <!-- com.Day6_TestNG_Demo.JetBlueFFLoginTest -->
